<?xml version="1.0" encoding="UTF-8"?>
<!-- Generated by org.testng.reporters.JUnitReportReporter -->
<testsuite hostname="DESKTOP-FVFL2BF" failures="0" tests="2" name="learningselenium.tests.ErrorValidation" time="7.377" errors="0" timestamp="2025-03-11T01:26:21 IST" skipped="0">
  <testcase classname="learningselenium.tests.ErrorValidation" name="pageCatalogueError" time="4.654"/>
  <testcase classname="learningselenium.tests.ErrorValidation" name="pageLoginError" time="2.723"/>
</testsuite> <!-- learningselenium.tests.ErrorValidation -->
