<?xml version="1.0" encoding="UTF-8"?>
<!-- Generated by org.testng.reporters.JUnitReportReporter -->
<testsuite hostname="DESKTOP-FVFL2BF" failures="0" tests="1" name="learningselenium.tests.ErrorValidationLoginPage" time="0.760" errors="0" timestamp="2025-03-10T16:28:45 IST" skipped="0">
  <testcase classname="learningselenium.tests.ErrorValidationLoginPage" name="submitTest" time="0.760"/>
</testsuite> <!-- learningselenium.tests.ErrorValidationLoginPage -->
