<?xml version="1.0" encoding="UTF-8"?>
<!-- Generated by org.testng.reporters.JUnitReportReporter -->
<testsuite hostname="DESKTOP-FVFL2BF" failures="0" tests="3" name="learningselenium.tests.endToEndTest" time="30.751" errors="0" timestamp="2025-03-18T07:53:23 IST" skipped="0">
  <testcase classname="learningselenium.tests.endToEndTest" name="submitTest" time="9.972"/>
  <testcase classname="learningselenium.tests.endToEndTest" name="submitTest" time="12.199"/>
  <testcase classname="learningselenium.tests.endToEndTest" name="verifyOrder" time="8.580"/>
</testsuite> <!-- learningselenium.tests.endToEndTest -->
