<?xml version="1.0" encoding="UTF-8"?>
<!-- Generated by org.testng.reporters.JUnitReportReporter -->
<testsuite hostname="DESKTOP-FVFL2BF" failures="0" tests="1" name="cucumber.TestNGTestRunner" time="6.757" errors="0" timestamp="2025-03-19T07:35:48 IST" skipped="0">
  <testcase classname="cucumber.TestNGTestRunner" name="runScenario" time="6.757"/>
</testsuite> <!-- cucumber.TestNGTestRunner -->
