<?xml version="1.0" encoding="UTF-8"?>
<!-- Generated by org.testng.reporters.JUnitReportReporter -->
<testsuite hostname="DESKTOP-FVFL2BF" failures="0" tests="1" name="learningselenium.tests.ErrorValidationTest" time="8.793" errors="0" timestamp="2025-03-18T17:14:33 IST" skipped="0">
  <testcase classname="learningselenium.tests.ErrorValidationTest" name="pageCatalogueError" time="8.793"/>
</testsuite> <!-- learningselenium.tests.ErrorValidationTest -->
