<?xml version="1.0" encoding="UTF-8"?>
<!-- Generated by org.testng.reporters.JUnitReportReporter -->
<testsuite hostname="DESKTOP-FVFL2BF" failures="0" tests="2" name="learningselenium.tests.endToEndTest" time="15.689" errors="0" timestamp="2025-03-18T17:23:04 IST" skipped="0">
  <testcase classname="learningselenium.tests.endToEndTest" name="submitTest" time="8.660"/>
  <testcase classname="learningselenium.tests.endToEndTest" name="submitTest" time="7.029"/>
</testsuite> <!-- learningselenium.tests.endToEndTest -->
